import started Sun Jan 25 12:09:57 2026
skip /home/pinj/Music/ Curious.mp3
skip /home/pinj/Music/(Don't Fear) The Reaper.mp3
skip /home/pinj/Music/21st Century Schizoid Man - Including "Mirrors".mp3
skip /home/pinj/Music/22MMM.mp3
skip /home/pinj/Music/24.000 Baci.mp3
skip /home/pinj/Music/631 MAKES ME.mp3
skip /home/pinj/Music/7th Or St. Tammany.mp3
skip /home/pinj/Music/9K.mp3
skip /home/pinj/Music/A Hard Rain's A-Gonna Fall.mp3
skip /home/pinj/Music/A House In Nebraska.mp3
skip /home/pinj/Music/Acka Raga.mp3
skip /home/pinj/Music/Across The Universe - Remastered 2009.mp3
skip /home/pinj/Music/Ain't That Just the Way.mp3
skip /home/pinj/Music/All Is Loneliness.mp3
skip /home/pinj/Music/amor fati.mp3
skip /home/pinj/Music/Another Brick In The Wall, Pt. 2 - 2011 Remastered Version.mp3
skip /home/pinj/Music/august.mp3
skip /home/pinj/Music/B.E.D..mp3
skip /home/pinj/Music/Baby (Lil Baby feat. DaBaby).mp3
skip /home/pinj/Music/Baby Come Back.mp3
skip /home/pinj/Music/Ball and Chain.mp3
skip /home/pinj/Music/Ballad of a Thin Man.mp3
skip /home/pinj/Music/Bananas & Cash.mp3
skip /home/pinj/Music/BAND4BAND (feat. Lil Baby).mp3
skip /home/pinj/Music/Bang Bang (My Baby Shot Me Down).mp3
skip /home/pinj/Music/Best Friend.mp3
skip /home/pinj/Music/betty.mp3
skip /home/pinj/Music/Between the Sheets.mp3
skip /home/pinj/Music/Black Hole Sun.mp3
skip /home/pinj/Music/Blackberry Molasses.mp3
skip /home/pinj/Music/Blade Runner Blues.mp3
skip /home/pinj/Music/Blue Jeans - Remastered 2011.mp3
skip /home/pinj/Music/Blue Sands.mp3
skip /home/pinj/Music/Born To Die.mp3
skip /home/pinj/Music/Break from Toronto.mp3
skip /home/pinj/Music/Breakfast At Tiffany's.mp3
skip /home/pinj/Music/Breathe (In The Air) - 2011 Remastered Version.mp3
skip /home/pinj/Music/Brujeria.mp3
skip /home/pinj/Music/Bumpy's Lament.mp3
skip /home/pinj/Music/Buzzcut Season.mp3
skip /home/pinj/Music/California Love - Original Version.mp3
skip /home/pinj/Music/Call It What You Want.mp3
skip /home/pinj/Music/Call Out My Name.mp3
skip /home/pinj/Music/CALLDROPS (feat. Kodak Black).mp3
skip /home/pinj/Music/Can't Tell Me Nothing.mp3
skip /home/pinj/Music/cardigan.mp3
skip /home/pinj/Music/Castles Made of Sand.mp3
skip /home/pinj/Music/Champagne Supernova.mp3
skip /home/pinj/Music/Changes.mp3
skip /home/pinj/Music/Chemtrails Over The Country Club.mp3
skip /home/pinj/Music/Cinnamon Girl.mp3
skip /home/pinj/Music/Cleopatra.mp3
skip /home/pinj/Music/Collussion - NeuroBeatz Remix.mp3
skip /home/pinj/Music/Come and Get Your Love - Single Version.mp3
skip /home/pinj/Music/Come into the Water.mp3
skip /home/pinj/Music/Comfortably Numb - 2011 Remastered Version.mp3
skip /home/pinj/Music/Como.mp3
skip /home/pinj/Music/Crash of Worlds.mp3
skip /home/pinj/Music/Crazy Train.mp3
skip /home/pinj/Music/Creep - Acoustic.mp3
skip /home/pinj/Music/Daddy's Home.mp3
skip /home/pinj/Music/Dangerous MC's (feat. Mark Curry, Snoop Dogg & Busta Rhymes) - 2005 Remaster.mp3
skip /home/pinj/Music/Dann mit der Pumpgun 2.0.mp3
skip /home/pinj/Music/DARE (feat. Shaun Ryder & Roses Gabor).mp3
skip /home/pinj/Music/Dark Star - Single Version.mp3
skip /home/pinj/Music/Dat $tick.mp3
skip /home/pinj/Music/Demon.mp3
skip /home/pinj/Music/Devil on My Shoulder.mp3
skip /home/pinj/Music/Did you know that there's a tunnel under Ocean Blvd.mp3
skip /home/pinj/Music/Digits.mp3
skip /home/pinj/Music/Dirty Diana - 2012 Remaster.mp3
skip /home/pinj/Music/Dreams - 2004 Remaster.mp3
skip /home/pinj/Music/Drink Before the War.mp3
skip /home/pinj/Music/Drugs N Hella Melodies (feat. Kali Uchis).mp3
skip /home/pinj/Music/Dying Is a Beautiful Thing to Do.mp3
skip /home/pinj/Music/Entaprizin.mp3
skip /home/pinj/Music/Everything Has Changed (feat. Ed Sheeran) (Taylor’s Version).mp3
skip /home/pinj/Music/Everywhere - 2017 Remaster.mp3
skip /home/pinj/Music/Exchange.mp3
skip /home/pinj/Music/Fade Into You.mp3
skip /home/pinj/Music/Fallen - Electric.mp3
skip /home/pinj/Music/FALLEN Part 2.mp3
skip /home/pinj/Music/Far Away (feat. A$AP Rocky).mp3
skip /home/pinj/Music/Faro de Luz.mp3
skip /home/pinj/Music/FEAR..mp3
skip /home/pinj/Music/Feels Like We Only Go Backwards.mp3
skip /home/pinj/Music/Fiamme Alte.mp3
skip /home/pinj/Music/For the First Time.mp3
skip /home/pinj/Music/For What It's Worth.mp3
skip /home/pinj/Music/Friend of the Devil.mp3
skip /home/pinj/Music/Fuckthepopulation.mp3
skip /home/pinj/Music/Funeral.mp3
skip /home/pinj/Music/Geheim.mp3
skip /home/pinj/Music/Girl With The Tattoo Enter.lewd.mp3
skip /home/pinj/Music/Good Looking.mp3
skip /home/pinj/Music/Good Luck, Babe!.mp3
skip /home/pinj/Music/Goodbye.mp3
skip /home/pinj/Music/Groove Constructor.mp3
skip /home/pinj/Music/Gunz N Butter (feat. Juicy J).mp3
skip /home/pinj/Music/Happiness is a butterfly.mp3
skip /home/pinj/Music/Heart Full of Soul.mp3
skip /home/pinj/Music/Hell Of A Night.mp3
skip /home/pinj/Music/Hell On Earth.mp3
skip /home/pinj/Music/Here Comes The Sun - Remastered 2009.mp3
skip /home/pinj/Music/Heroin.mp3
skip /home/pinj/Music/Hooked On A Feeling.mp3
skip /home/pinj/Music/hope is a dangerous thing for a woman like me to have - but I have it.mp3
skip /home/pinj/Music/How to disappear.mp3
skip /home/pinj/Music/I Don't Wanna Do This Anymore.mp3
skip /home/pinj/Music/I Had Too Much to Dream (Last Night).mp3
skip /home/pinj/Music/I Know The End.mp3
skip /home/pinj/Music/I Know.mp3
skip /home/pinj/Music/I Wanna Be Your Dog - 2019 Remaster.mp3
skip /home/pinj/Music/I Will Always Think of You.mp3
skip /home/pinj/Music/I'd Love to Change the World - 2004 Remaster.mp3
skip /home/pinj/Music/I'm On Fire.mp3
skip /home/pinj/Music/I'm Only Sleeping - Remastered 2009.mp3
skip /home/pinj/Music/I'm Supposed To Die Tonight.mp3
skip /home/pinj/Music/Icon.mp3
skip /home/pinj/Music/Icon? - Electric.mp3
skip /home/pinj/Music/If I Ever Fall In Love.mp3
skip /home/pinj/Music/In My Room.mp3
skip /home/pinj/Music/In the Mood.mp3
skip /home/pinj/Music/Indecision.mp3
skip /home/pinj/Music/Insane in the Brain.mp3
skip /home/pinj/Music/Interlude.mp3
skip /home/pinj/Music/invisible string.mp3
skip /home/pinj/Music/It's A Man's, Man's, Man's World.mp3
skip /home/pinj/Music/It's Funky Enough - Remastered Single.mp3
skip /home/pinj/Music/ivy.mp3
skip /home/pinj/Music/Jocelyn Flores.mp3
skip /home/pinj/Music/Kids Turned Out Fine.mp3
skip /home/pinj/Music/King Of My Heart.mp3
skip /home/pinj/Music/L to the OG (feat. Kendall Roy).mp3
skip /home/pinj/Music/L'Estate (Summer) Op. 8 No. 2 in G minor: I. Allegro non molto.mp3
skip /home/pinj/Music/La Villa Strangiato.mp3
skip /home/pinj/Music/Last Words of a Shooting Star.mp3
skip /home/pinj/Music/Little Wing.mp3
skip /home/pinj/Music/Look At Me!.mp3
skip /home/pinj/Music/Lost in the Fire.mp3
skip /home/pinj/Music/Love Buzz.mp3
skip /home/pinj/Music/Love Grows (Where My Rosemary Goes).mp3
skip /home/pinj/Music/Love song.mp3
skip /home/pinj/Music/Love Story - 2024 Remastered Version.mp3
skip /home/pinj/Music/Love Thy Enemies.mp3
skip /home/pinj/Music/Lover.mp3
skip /home/pinj/Music/Lovers Rock.mp3
skip /home/pinj/Music/Low Down.mp3
skip /home/pinj/Music/Lucy In The Sky With Diamonds - Remastered 2009.mp3
skip /home/pinj/Music/Mahogany.mp3
skip /home/pinj/Music/Man in the Mirror - 2012 Remaster.mp3
skip /home/pinj/Music/Mariners Apartment Complex.mp3
skip /home/pinj/Music/MASSA.mp3
skip /home/pinj/Music/Mastermind.mp3
skip /home/pinj/Music/Matilda.mp3
skip /home/pinj/Music/Miami.mp3
skip /home/pinj/Music/Mind Blowin'.mp3
skip /home/pinj/Music/Mind Flowers.mp3
skip /home/pinj/Music/mirrorball.mp3
skip /home/pinj/Music/Mona Lisa (feat. Kendrick Lamar).mp3
skip /home/pinj/Music/Mood Ring.mp3
skip /home/pinj/Music/Ms. Jackson.mp3
skip /home/pinj/Music/Muse.mp3
skip /home/pinj/Music/Neptun.mp3
skip /home/pinj/Music/New Americana.mp3
skip /home/pinj/Music/Nights.mp3
skip /home/pinj/Music/No Surprises.mp3
skip /home/pinj/Music/Nobody Loves You (When You're Down And Out) - Remastered 2010.mp3
skip /home/pinj/Music/Not Allowed.mp3
skip /home/pinj/Music/Not to Touch the Earth.mp3
skip /home/pinj/Music/Nothing New (feat. Phoebe Bridgers) (Taylor’s Version) (From The Vault).mp3
skip /home/pinj/Music/Nothing's Gonna Hurt You Baby.mp3
skip /home/pinj/Music/Novacane.mp3
skip /home/pinj/Music/November Has Come.mp3
skip /home/pinj/Music/Nowhere (Future).mp3
skip /home/pinj/Music/O Children.mp3
skip /home/pinj/Music/Oceanic Feeling.mp3
skip /home/pinj/Music/Ol' English.mp3
skip /home/pinj/Music/One Minute (feat. Kanye West & Travis Barker).mp3
skip /home/pinj/Music/Only 1 (Interlude) (with Travis Scott).mp3
skip /home/pinj/Music/Overnight Celebrity (feat. Miri Ben-Ari).mp3
skip /home/pinj/Music/Paint It, Black.mp3
skip /home/pinj/Music/Paper Bag.mp3
skip /home/pinj/Music/Paper Planes.mp3
skip /home/pinj/Music/Paradise City.mp3
skip /home/pinj/Music/People Are Strange.mp3
skip /home/pinj/Music/People Everyday - Metamorphosis Mix.mp3
skip /home/pinj/Music/Photograph.mp3
skip /home/pinj/Music/PILLOWTALK - the living room session.mp3
skip /home/pinj/Music/Porpoise Song.mp3
skip /home/pinj/Music/Protect Ya Neck - Shao Lin Version.mp3
skip /home/pinj/Music/Purple Haze.mp3
skip /home/pinj/Music/Purple Rain.mp3
skip /home/pinj/Music/Redbone.mp3
skip /home/pinj/Music/Remember the Time.mp3
skip /home/pinj/Music/Return of the Mack.mp3
skip /home/pinj/Music/Ribs.mp3
skip /home/pinj/Music/Rigid - Kobosil 44 Rush Mix.mp3
skip /home/pinj/Music/Rock With You.mp3
skip /home/pinj/Music/Rocket Man (I Think It's Going To Be A Long, Long Time).mp3
skip /home/pinj/Music/Rotlichtsonate.mp3
skip /home/pinj/Music/Salvatore.mp3
skip /home/pinj/Music/Save That Shit.mp3
skip /home/pinj/Music/Savior Complex.mp3
skip /home/pinj/Music/Secrets from a Girl (Who's Seen it All).mp3
skip /home/pinj/Music/September.mp3
skip /home/pinj/Music/Shook Ones, Pt. II.mp3
skip /home/pinj/Music/Shoop.mp3
skip /home/pinj/Music/Shut up My Moms Calling.mp3
skip /home/pinj/Music/Si E' Spento Il Sole.mp3
skip /home/pinj/Music/Sidewalks.mp3
skip /home/pinj/Music/Sitting On Top Of The World.mp3
skip /home/pinj/Music/Sky.mp3
skip /home/pinj/Music/Sleep Walk.mp3
skip /home/pinj/Music/SLOW DANCING IN THE DARK.mp3
skip /home/pinj/Music/Smells Like Teen Spirit.mp3
skip /home/pinj/Music/Snow On The Beach (feat. Lana Del Rey).mp3
skip /home/pinj/Music/So High.mp3
skip /home/pinj/Music/Solar Power.mp3
skip /home/pinj/Music/Somebody to Love.mp3
skip /home/pinj/Music/Sometimes I Feel Like a Motherless Child.mp3
skip /home/pinj/Music/Space Oddity - 2019 Mix.mp3
skip /home/pinj/Music/Spanish Caravan.mp3
skip /home/pinj/Music/Stay Fly.mp3
skip /home/pinj/Music/Stoned at the Nail Salon.mp3
skip /home/pinj/Music/Strangers.mp3
skip /home/pinj/Music/Strawberry Fields Forever - Remastered 2009.mp3
skip /home/pinj/Music/Stuck Inside of Mobile with the Memphis Blues Again.mp3
skip /home/pinj/Music/Succession (Main Title Theme).mp3
skip /home/pinj/Music/Sugar On My Tongue.mp3
skip /home/pinj/Music/Suicidal Thoughts in the Back of the Cadillac Pt. 2.mp3
skip /home/pinj/Music/Sullen Girl.mp3
skip /home/pinj/Music/Summertime Sadness.mp3
skip /home/pinj/Music/Summertime.mp3
skip /home/pinj/Music/Sun King - 2019 Mix.mp3
skip /home/pinj/Music/Sundress.mp3
skip /home/pinj/Music/Suzanne.mp3
skip /home/pinj/Music/Sweet Dreams, TN.mp3
skip /home/pinj/Music/Swimming Pools.mp3
skip /home/pinj/Music/T.O.N.Y. (Top Of New York).mp3
skip /home/pinj/Music/Tchaikovsky: Swan Lake, Op. 20, Act 2: No. 10, Scene. Moderato.mp3
skip /home/pinj/Music/Te Deseo Amor.mp3
skip /home/pinj/Music/Tequila Sunrise.mp3
skip /home/pinj/Music/That's The Way It Is.mp3
skip /home/pinj/Music/The Black Angel's Death Song.mp3
skip /home/pinj/Music/The Chain - 2004 Remaster.mp3
skip /home/pinj/Music/The Court Of The Crimson King - Including "The Return of the Fire Witch" and "The Dance of the Puppets".mp3
skip /home/pinj/Music/The End.mp3
skip /home/pinj/Music/The Four Horsemen.mp3
skip /home/pinj/Music/The Four Seasons, Violin Concerto in G Minor, Op. 8 No. 2 RV 315 "L'estate" ("Summer"): III. Presto Tempo impetuoso D'Estate.mp3
skip /home/pinj/Music/The Four Seasons: Concerto No. 4 in F Minor, RV 297 "L'inverno" (winter): I. Allegro non molto.mp3
skip /home/pinj/Music/the last great american dynasty.mp3
skip /home/pinj/Music/The Last Time.mp3
skip /home/pinj/Music/The Louvre.mp3
skip /home/pinj/Music/The Man with the Axe.mp3
skip /home/pinj/Music/The Path.mp3
skip /home/pinj/Music/The Phantom of the Opera: Overture.mp3
skip /home/pinj/Music/The Soft Parade.mp3
skip /home/pinj/Music/The Town.mp3
skip /home/pinj/Music/The Way You Make Me Feel.mp3
skip /home/pinj/Music/Then Came the Last Days of May.mp3
skip /home/pinj/Music/Time - 2011 Remastered Version.mp3
skip /home/pinj/Music/Time in a Bottle.mp3
skip /home/pinj/Music/To Live And Die In L.A..mp3
skip /home/pinj/Music/Tomorrow Never Knows - Remastered 2009.mp3
skip /home/pinj/Music/Too Many Nights (feat. Don Toliver & with Future).mp3
skip /home/pinj/Music/Torn Apart.mp3
skip /home/pinj/Music/Touch The Sky.mp3
skip /home/pinj/Music/Trouble Every Day.mp3
skip /home/pinj/Music/True Playas.mp3
skip /home/pinj/Music/Tulsa Jesus Freak.mp3
skip /home/pinj/Music/Tut den Song in eure Playlist und macht viele TikToks.mp3
skip /home/pinj/Music/Tutamıyorum Zamanı.mp3
skip /home/pinj/Music/Two Slow Dancers.mp3
skip /home/pinj/Music/Uncut, Pure.mp3
skip /home/pinj/Music/Uno.mp3
skip /home/pinj/Music/Unshaken.mp3
skip /home/pinj/Music/Used 2.mp3
skip /home/pinj/Music/V.I.P.I.M.P..mp3
skip /home/pinj/Music/Venice Bitch.mp3
skip /home/pinj/Music/Venus In Furs.mp3
skip /home/pinj/Music/Video Games.mp3
skip /home/pinj/Music/Vienna.mp3
skip /home/pinj/Music/Voices for Sadness Theme.mp3
skip /home/pinj/Music/Volare (Nel Blu Di Pinto Di Blu) - Remastered 1998.mp3
skip /home/pinj/Music/Voodoo Child (Slight Return).mp3
skip /home/pinj/Music/Voodoo Chile.mp3
skip /home/pinj/Music/Waiting for the Sun.mp3
skip /home/pinj/Music/Walk On the Wild Side.mp3
skip /home/pinj/Music/Wanderlust.mp3
skip /home/pinj/Music/Wednesday Night Interlude.mp3
skip /home/pinj/Music/Welcome To The Jungle.mp3
skip /home/pinj/Music/What Have You Done To Its Eyes.mp3
skip /home/pinj/Music/When the Music's Over.mp3
skip /home/pinj/Music/White Rabbit.mp3
skip /home/pinj/Music/White Teeth Teens.mp3
skip /home/pinj/Music/Who Dat Boy (feat. A$AP Rocky).mp3
skip /home/pinj/Music/Wildflowers.mp3
skip /home/pinj/Music/willow.mp3
skip /home/pinj/Music/Window Shopper.mp3
skip /home/pinj/Music/wonderful.mp3
skip /home/pinj/Music/Worldwide Choppers.mp3
skip /home/pinj/Music/XanaX Damage.mp3
skip /home/pinj/Music/Yellow Flicker Beat.mp3
skip /home/pinj/Music/You Want It Darker.mp3
skip /home/pinj/Music/You're On Your Own, Kid.mp3
skip /home/pinj/Music/YouTube Rapper (Bonus Track).mp3
skip /home/pinj/Music/ザ・ワード II.mp3
skip /home/pinj/Music/Pink Floyd - The Dark Side Of The Moon (50th Anniversary) (2023 Remaster)/01 - Any Colour You Like.flac
skip /home/pinj/Music/Pink Floyd - The Dark Side Of The Moon (50th Anniversary) (2023 Remaster)/02 - Brain Damage.flac
skip /home/pinj/Music/Pink Floyd - The Dark Side Of The Moon (50th Anniversary) (2023 Remaster)/03 - Breathe.flac
skip /home/pinj/Music/Pink Floyd - The Dark Side Of The Moon (50th Anniversary) (2023 Remaster)/04 - Eclipse.flac
skip /home/pinj/Music/Pink Floyd - The Dark Side Of The Moon (50th Anniversary) (2023 Remaster)/05 - Money.flac
skip /home/pinj/Music/Pink Floyd - The Dark Side Of The Moon (50th Anniversary) (2023 Remaster)/06 - On the Run.flac
skip /home/pinj/Music/Pink Floyd - The Dark Side Of The Moon (50th Anniversary) (2023 Remaster)/07 - Speak to Me.flac
skip /home/pinj/Music/Pink Floyd - The Dark Side Of The Moon (50th Anniversary) (2023 Remaster)/08 - The Great Gig in the Sky.flac
skip /home/pinj/Music/Pink Floyd - The Dark Side Of The Moon (50th Anniversary) (2023 Remaster)/09 - Time.flac
skip /home/pinj/Music/Pink Floyd - The Dark Side Of The Moon (50th Anniversary) (2023 Remaster)/10 - Us and Them.flac
import started Sun Jan 25 12:10:05 2026
skip /home/pinj/Music/7th Or St. Tammany.mp3
skip /home/pinj/Music/Fuckthepopulation.mp3
skip /home/pinj/Music/California Love - Original Version.mp3
skip /home/pinj/Music/Best Friend.mp3
skip /home/pinj/Music/I'm Supposed To Die Tonight.mp3
skip /home/pinj/Music/Window Shopper.mp3
skip /home/pinj/Music/Sundress.mp3
skip /home/pinj/Music/Kids Turned Out Fine.mp3
skip /home/pinj/Music/Gunz N Butter (feat. Juicy J).mp3
skip /home/pinj/Music/CALLDROPS (feat. Kodak Black).mp3
skip /home/pinj/Music/24.000 Baci.mp3; /home/pinj/Music/Si E' Spento Il Sole.mp3
skip /home/pinj/Music/The Four Seasons: Concerto No. 4 in F Minor, RV 297 "L'inverno" (winter): I. Allegro non molto.mp3
skip /home/pinj/Music/The Four Seasons, Violin Concerto in G Minor, Op. 8 No. 2 RV 315 "L'estate" ("Summer"): III. Presto Tempo impetuoso D'Estate.mp3
skip /home/pinj/Music/L'Estate (Summer) Op. 8 No. 2 in G minor: I. Allegro non molto.mp3
skip /home/pinj/Music/The Four Horsemen.mp3
skip /home/pinj/Music/Goodbye.mp3
skip /home/pinj/Music/Sometimes I Feel Like a Motherless Child.mp3
skip /home/pinj/Music/People Everyday - Metamorphosis Mix.mp3
skip /home/pinj/Music/Groove Constructor.mp3
skip /home/pinj/Music/All Is Loneliness.mp3; /home/pinj/Music/The Last Time.mp3
skip /home/pinj/Music/Ball and Chain.mp3; /home/pinj/Music/Summertime.mp3
skip /home/pinj/Music/Daddy's Home.mp3
skip /home/pinj/Music/Entaprizin.mp3; /home/pinj/Music/Uncut, Pure.mp3
skip /home/pinj/Music/Vienna.mp3
skip /home/pinj/Music/Devil on My Shoulder.mp3
skip /home/pinj/Music/Hooked On A Feeling.mp3
skip /home/pinj/Music/(Don't Fear) The Reaper.mp3
skip /home/pinj/Music/Then Came the Last Days of May.mp3
skip /home/pinj/Music/Stuck Inside of Mobile with the Memphis Blues Again.mp3
skip /home/pinj/Music/Ballad of a Thin Man.mp3
skip /home/pinj/Music/A Hard Rain's A-Gonna Fall.mp3
skip /home/pinj/Music/I'm On Fire.mp3
skip /home/pinj/Music/Exchange.mp3
skip /home/pinj/Music/For What It's Worth.mp3
skip /home/pinj/Music/Fiamme Alte.mp3
skip /home/pinj/Music/T.O.N.Y. (Top Of New York).mp3
skip /home/pinj/Music/BAND4BAND (feat. Lil Baby).mp3
skip /home/pinj/Music/Good Luck, Babe!.mp3
skip /home/pinj/Music/Changes.mp3
skip /home/pinj/Music/Redbone.mp3
skip /home/pinj/Music/Nothing's Gonna Hurt You Baby.mp3
skip /home/pinj/Music/Sitting On Top Of The World.mp3
skip /home/pinj/Music/Insane in the Brain.mp3
skip /home/pinj/Music/Tequila Sunrise.mp3
skip /home/pinj/Music/Unshaken.mp3
skip /home/pinj/Music/That's The Way It Is.mp3
skip /home/pinj/Music/Space Oddity - 2019 Mix.mp3
skip /home/pinj/Music/Volare (Nel Blu Di Pinto Di Blu) - Remastered 1998.mp3
skip /home/pinj/Music/Breakfast At Tiffany's.mp3
skip /home/pinj/Music/Drugs N Hella Melodies (feat. Kali Uchis).mp3
skip /home/pinj/Music/Wednesday Night Interlude.mp3
skip /home/pinj/Music/Collussion - NeuroBeatz Remix.mp3
skip /home/pinj/Music/Dying Is a Beautiful Thing to Do.mp3
skip /home/pinj/Music/September.mp3
skip /home/pinj/Music/Love Grows (Where My Rosemary Goes).mp3
skip /home/pinj/Music/Brujeria.mp3
skip /home/pinj/Music/Rocket Man (I Think It's Going To Be A Long, Long Time).mp3
skip /home/pinj/Music/Blue Sands.mp3
skip /home/pinj/Music/A House In Nebraska.mp3; /home/pinj/Music/Strangers.mp3
skip /home/pinj/Music/Sullen Girl.mp3
skip /home/pinj/Music/I Know.mp3; /home/pinj/Music/Paper Bag.mp3
skip /home/pinj/Music/Dreams - 2004 Remaster.mp3; /home/pinj/Music/The Chain - 2004 Remaster.mp3
skip /home/pinj/Music/Everywhere - 2017 Remaster.mp3
skip /home/pinj/Music/Voices for Sadness Theme.mp3
skip /home/pinj/Music/Nights.mp3
skip /home/pinj/Music/Novacane.mp3
skip /home/pinj/Music/Touch The Sky.mp3
skip /home/pinj/Music/Love Thy Enemies.mp3; /home/pinj/Music/XanaX Damage.mp3
skip /home/pinj/Music/Nowhere (Future).mp3
skip /home/pinj/Music/22MMM.mp3
skip /home/pinj/Music/Bananas & Cash.mp3
skip /home/pinj/Music/Lost in the Fire.mp3
skip /home/pinj/Music/November Has Come.mp3
skip /home/pinj/Music/DARE (feat. Shaun Ryder & Roses Gabor).mp3
skip /home/pinj/Music/Friend of the Devil.mp3
skip /home/pinj/Music/Dark Star - Single Version.mp3
skip /home/pinj/Music/Paradise City.mp3; /home/pinj/Music/Welcome To The Jungle.mp3
skip /home/pinj/Music/Dann mit der Pumpgun 2.0.mp3
skip /home/pinj/Music/New Americana.mp3
skip /home/pinj/Music/Matilda.mp3
skip /home/pinj/Music/Shut up My Moms Calling.mp3
skip /home/pinj/Music/Photograph.mp3
skip /home/pinj/Music/B.E.D..mp3
skip /home/pinj/Music/Icon.mp3
skip /home/pinj/Music/Fallen - Electric.mp3; /home/pinj/Music/Icon? - Electric.mp3
skip /home/pinj/Music/FALLEN Part 2.mp3
skip /home/pinj/Music/It's A Man's, Man's, Man's World.mp3
skip /home/pinj/Music/I Will Always Think of You.mp3
skip /home/pinj/Music/Somebody to Love.mp3; /home/pinj/Music/White Rabbit.mp3
skip /home/pinj/Music/Time in a Bottle.mp3
skip /home/pinj/Music/Purple Haze.mp3
skip /home/pinj/Music/Castles Made of Sand.mp3; /home/pinj/Music/Little Wing.mp3
skip /home/pinj/Music/Voodoo Child (Slight Return).mp3; /home/pinj/Music/Voodoo Chile.mp3
skip /home/pinj/Music/Nobody Loves You (When You're Down And Out) - Remastered 2010.mp3
skip /home/pinj/Music/SLOW DANCING IN THE DARK.mp3
skip /home/pinj/Music/Hell On Earth.mp3
skip /home/pinj/Music/Can't Tell Me Nothing.mp3
skip /home/pinj/Music/FEAR..mp3
skip /home/pinj/Music/21st Century Schizoid Man - Including "Mirrors".mp3; /home/pinj/Music/The Court Of The Crimson King - Including "The Return of the Fire Witch" and "The Dance of the Puppets".mp3
skip /home/pinj/Music/Rotlichtsonate.mp3
skip /home/pinj/Music/V.I.P.I.M.P..mp3
skip /home/pinj/Music/What Have You Done To Its Eyes.mp3
skip /home/pinj/Music/Como.mp3; /home/pinj/Music/Faro de Luz.mp3; /home/pinj/Music/Te Deseo Amor.mp3
skip /home/pinj/Music/Blue Jeans - Remastered 2011.mp3; /home/pinj/Music/Born To Die.mp3; /home/pinj/Music/Summertime Sadness.mp3; /home/pinj/Music/Video Games.mp3
skip /home/pinj/Music/Chemtrails Over The Country Club.mp3; /home/pinj/Music/Tulsa Jesus Freak.mp3
skip /home/pinj/Music/Did you know that there's a tunnel under Ocean Blvd.mp3
skip /home/pinj/Music/Salvatore.mp3
skip /home/pinj/Music/Cinnamon Girl.mp3; /home/pinj/Music/Happiness is a butterfly.mp3; /home/pinj/Music/hope is a dangerous thing for a woman like me to have - but I have it.mp3; /home/pinj/Music/How to disappear.mp3; /home/pinj/Music/Love song.mp3; /home/pinj/Music/Mariners Apartment Complex.mp3; /home/pinj/Music/Venice Bitch.mp3
skip /home/pinj/Music/Suzanne.mp3
skip /home/pinj/Music/You Want It Darker.mp3
skip /home/pinj/Music/Low Down.mp3
skip /home/pinj/Music/Save That Shit.mp3
skip /home/pinj/Music/Mahogany.mp3
skip /home/pinj/Music/Demon.mp3; /home/pinj/Music/Used 2.mp3
skip /home/pinj/Music/Mona Lisa (feat. Kendrick Lamar).mp3
skip /home/pinj/Music/Interlude.mp3
skip /home/pinj/Music/The Louvre.mp3
skip /home/pinj/Music/Buzzcut Season.mp3; /home/pinj/Music/Ribs.mp3; /home/pinj/Music/White Teeth Teens.mp3
skip /home/pinj/Music/Mood Ring.mp3; /home/pinj/Music/Oceanic Feeling.mp3; /home/pinj/Music/Secrets from a Girl (Who's Seen it All).mp3; /home/pinj/Music/Solar Power.mp3; /home/pinj/Music/Stoned at the Nail Salon.mp3; /home/pinj/Music/The Man with the Axe.mp3; /home/pinj/Music/The Path.mp3
skip /home/pinj/Music/Yellow Flicker Beat.mp3
skip /home/pinj/Music/Walk On the Wild Side.mp3
skip /home/pinj/Music/Ain't That Just the Way.mp3
skip /home/pinj/Music/Paper Planes.mp3
skip /home/pinj/Music/For the First Time.mp3
skip /home/pinj/Music/Bumpy's Lament.mp3
skip /home/pinj/Music/To Live And Die In L.A..mp3
skip /home/pinj/Music/Return of the Mack.mp3
skip /home/pinj/Music/amor fati.mp3
skip /home/pinj/Music/Fade Into You.mp3
skip /home/pinj/Music/Too Many Nights (feat. Don Toliver & with Future).mp3
skip /home/pinj/Music/Only 1 (Interlude) (with Travis Scott).mp3
skip /home/pinj/Music/Man in the Mirror - 2012 Remaster.mp3
skip /home/pinj/Music/Dirty Diana - 2012 Remaster.mp3
skip /home/pinj/Music/Remember the Time.mp3
skip /home/pinj/Music/Rock With You.mp3; /home/pinj/Music/The Way You Make Me Feel.mp3
skip /home/pinj/Music/Girl With The Tattoo Enter.lewd.mp3
skip /home/pinj/Music/Blackberry Molasses.mp3
skip /home/pinj/Music/Come into the Water.mp3; /home/pinj/Music/Two Slow Dancers.mp3
skip /home/pinj/Music/Last Words of a Shooting Star.mp3
skip /home/pinj/Music/Shook Ones, Pt. II.mp3
skip /home/pinj/Music/Uno.mp3
skip /home/pinj/Music/Tutamıyorum Zamanı.mp3
skip /home/pinj/Music/In My Room.mp3
skip /home/pinj/Music/Bang Bang (My Baby Shot Me Down).mp3
skip /home/pinj/Music/Torn Apart.mp3
skip /home/pinj/Music/Succession (Main Title Theme).mp3
skip /home/pinj/Music/L to the OG (feat. Kendall Roy).mp3
skip /home/pinj/Music/O Children.mp3
skip /home/pinj/Music/Smells Like Teen Spirit.mp3
skip /home/pinj/Music/Love Story - 2024 Remastered Version.mp3
skip /home/pinj/Music/Neptun.mp3
skip /home/pinj/Music/Champagne Supernova.mp3
skip /home/pinj/Music/Ms. Jackson.mp3
skip /home/pinj/Music/Crazy Train.mp3
skip /home/pinj/Music/ Curious.mp3; /home/pinj/Music/Break from Toronto.mp3
skip /home/pinj/Music/Muse.mp3
skip /home/pinj/Music/I Know The End.mp3; /home/pinj/Music/Savior Complex.mp3
skip /home/pinj/Music/Funeral.mp3
skip /home/pinj/Music/Breathe (In The Air) - 2011 Remastered Version.mp3; /home/pinj/Music/Time - 2011 Remastered Version.mp3
skip /home/pinj/Music/Another Brick In The Wall, Pt. 2 - 2011 Remastered Version.mp3; /home/pinj/Music/Comfortably Numb - 2011 Remastered Version.mp3
skip /home/pinj/Music/Sky.mp3
skip /home/pinj/Music/Baby Come Back.mp3
skip /home/pinj/Music/Suicidal Thoughts in the Back of the Cadillac Pt. 2.mp3
skip /home/pinj/Music/The Phantom of the Opera: Overture.mp3
skip /home/pinj/Music/Purple Rain.mp3
skip /home/pinj/Music/Tchaikovsky: Swan Lake, Op. 20, Act 2: No. 10, Scene. Moderato.mp3
skip /home/pinj/Music/Baby (Lil Baby feat. DaBaby).mp3
skip /home/pinj/Music/Creep - Acoustic.mp3
skip /home/pinj/Music/No Surprises.mp3
skip /home/pinj/Music/True Playas.mp3
skip /home/pinj/Music/Come and Get Your Love - Single Version.mp3
skip /home/pinj/Music/Dat $tick.mp3
skip /home/pinj/Music/Crash of Worlds.mp3
skip /home/pinj/Music/Rigid - Kobosil 44 Rush Mix.mp3
skip /home/pinj/Music/La Villa Strangiato.mp3
skip /home/pinj/Music/ザ・ワード II.mp3
skip /home/pinj/Music/Tut den Song in eure Playlist und macht viele TikToks.mp3
skip /home/pinj/Music/Shoop.mp3
skip /home/pinj/Music/Sleep Walk.mp3
skip /home/pinj/Music/Hell Of A Night.mp3
skip /home/pinj/Music/Swimming Pools.mp3
skip /home/pinj/Music/If I Ever Fall In Love.mp3
skip /home/pinj/Music/Acka Raga.mp3; /home/pinj/Music/Love Buzz.mp3
skip /home/pinj/Music/Drink Before the War.mp3
skip /home/pinj/Music/So High.mp3
skip /home/pinj/Music/Black Hole Sun.mp3
skip /home/pinj/Music/Good Looking.mp3
skip /home/pinj/Music/Lovers Rock.mp3
skip /home/pinj/Music/Not Allowed.mp3
skip /home/pinj/Music/Feels Like We Only Go Backwards.mp3
skip /home/pinj/Music/Lover.mp3
skip /home/pinj/Music/Mastermind.mp3; /home/pinj/Music/You're On Your Own, Kid.mp3
skip /home/pinj/Music/ivy.mp3; /home/pinj/Music/willow.mp3
skip /home/pinj/Music/august.mp3; /home/pinj/Music/betty.mp3; /home/pinj/Music/cardigan.mp3; /home/pinj/Music/invisible string.mp3; /home/pinj/Music/mirrorball.mp3; /home/pinj/Music/the last great american dynasty.mp3
skip /home/pinj/Music/Call It What You Want.mp3; /home/pinj/Music/King Of My Heart.mp3
skip /home/pinj/Music/Everything Has Changed (feat. Ed Sheeran) (Taylor’s Version).mp3
skip /home/pinj/Music/Snow On The Beach (feat. Lana Del Rey).mp3
skip /home/pinj/Music/Nothing New (feat. Phoebe Bridgers) (Taylor’s Version) (From The Vault).mp3
skip /home/pinj/Music/Worldwide Choppers.mp3
skip /home/pinj/Music/I'd Love to Change the World - 2004 Remaster.mp3
skip /home/pinj/Music/Here Comes The Sun - Remastered 2009.mp3
skip /home/pinj/Music/Sun King - 2019 Mix.mp3
skip /home/pinj/Music/Across The Universe - Remastered 2009.mp3
skip /home/pinj/Music/Strawberry Fields Forever - Remastered 2009.mp3
skip /home/pinj/Music/I'm Only Sleeping - Remastered 2009.mp3; /home/pinj/Music/Tomorrow Never Knows - Remastered 2009.mp3
skip /home/pinj/Music/Lucy In The Sky With Diamonds - Remastered 2009.mp3
skip /home/pinj/Music/It's Funky Enough - Remastered Single.mp3; /home/pinj/Music/Mind Blowin'.mp3
skip /home/pinj/Music/Waiting for the Sun.mp3
skip /home/pinj/Music/People Are Strange.mp3; /home/pinj/Music/When the Music's Over.mp3
skip /home/pinj/Music/The End.mp3
skip /home/pinj/Music/The Soft Parade.mp3
skip /home/pinj/Music/Not to Touch the Earth.mp3; /home/pinj/Music/Spanish Caravan.mp3
skip /home/pinj/Music/I Had Too Much to Dream (Last Night).mp3
skip /home/pinj/Music/Ol' English.mp3
skip /home/pinj/Music/Wildflowers.mp3
skip /home/pinj/Music/Between the Sheets.mp3
skip /home/pinj/Music/Sweet Dreams, TN.mp3
skip /home/pinj/Music/Cleopatra.mp3
skip /home/pinj/Music/Porpoise Song.mp3
skip /home/pinj/Music/Trouble Every Day.mp3
skip /home/pinj/Music/Dangerous MC's (feat. Mark Curry, Snoop Dogg & Busta Rhymes) - 2005 Remaster.mp3
skip /home/pinj/Music/Paint It, Black.mp3
skip /home/pinj/Music/I Wanna Be Your Dog - 2019 Remaster.mp3
skip /home/pinj/Music/Heroin.mp3; /home/pinj/Music/The Black Angel's Death Song.mp3; /home/pinj/Music/Venus In Furs.mp3
skip /home/pinj/Music/The Town.mp3; /home/pinj/Music/Wanderlust.mp3
skip /home/pinj/Music/Call Out My Name.mp3
skip /home/pinj/Music/Sidewalks.mp3
skip /home/pinj/Music/Heart Full of Soul.mp3
skip /home/pinj/Music/Stay Fly.mp3
skip /home/pinj/Music/YouTube Rapper (Bonus Track).mp3
skip /home/pinj/Music/9K.mp3
skip /home/pinj/Music/wonderful.mp3
skip /home/pinj/Music/Overnight Celebrity (feat. Miri Ben-Ari).mp3
skip /home/pinj/Music/MASSA.mp3
skip /home/pinj/Music/Sugar On My Tongue.mp3
skip /home/pinj/Music/Who Dat Boy (feat. A$AP Rocky).mp3
skip /home/pinj/Music/In the Mood.mp3
skip /home/pinj/Music/Mind Flowers.mp3
skip /home/pinj/Music/Blade Runner Blues.mp3
skip /home/pinj/Music/Miami.mp3
skip /home/pinj/Music/Protect Ya Neck - Shao Lin Version.mp3
skip /home/pinj/Music/Jocelyn Flores.mp3
skip /home/pinj/Music/Indecision.mp3
skip /home/pinj/Music/I Don't Wanna Do This Anymore.mp3; /home/pinj/Music/Look At Me!.mp3
skip /home/pinj/Music/One Minute (feat. Kanye West & Travis Barker).mp3
skip /home/pinj/Music/Far Away (feat. A$AP Rocky).mp3
skip /home/pinj/Music/Digits.mp3
skip /home/pinj/Music/Geheim.mp3
skip /home/pinj/Music/PILLOWTALK - the living room session.mp3
skip /home/pinj/Music/631 MAKES ME.mp3
skip /home/pinj/Music/Pink Floyd - The Dark Side Of The Moon (50th Anniversary) (2023 Remaster)/01 - Any Colour You Like.flac; /home/pinj/Music/Pink Floyd - The Dark Side Of The Moon (50th Anniversary) (2023 Remaster)/02 - Brain Damage.flac; /home/pinj/Music/Pink Floyd - The Dark Side Of The Moon (50th Anniversary) (2023 Remaster)/03 - Breathe.flac; /home/pinj/Music/Pink Floyd - The Dark Side Of The Moon (50th Anniversary) (2023 Remaster)/04 - Eclipse.flac; /home/pinj/Music/Pink Floyd - The Dark Side Of The Moon (50th Anniversary) (2023 Remaster)/05 - Money.flac; /home/pinj/Music/Pink Floyd - The Dark Side Of The Moon (50th Anniversary) (2023 Remaster)/06 - On the Run.flac; /home/pinj/Music/Pink Floyd - The Dark Side Of The Moon (50th Anniversary) (2023 Remaster)/07 - Speak to Me.flac; /home/pinj/Music/Pink Floyd - The Dark Side Of The Moon (50th Anniversary) (2023 Remaster)/08 - The Great Gig in the Sky.flac; /home/pinj/Music/Pink Floyd - The Dark Side Of The Moon (50th Anniversary) (2023 Remaster)/09 - Time.flac; /home/pinj/Music/Pink Floyd - The Dark Side Of The Moon (50th Anniversary) (2023 Remaster)/10 - Us and Them.flac
import started Sun Jan 25 12:10:40 2026
import started Sun Jan 25 12:10:58 2026
skip /home/pinj/Music
skip /home/pinj/Music/Pink Floyd - The Dark Side Of The Moon (50th Anniversary) (2023 Remaster)
import started Sun Jan 25 12:11:06 2026
skip /home/pinj/Music/ Curious.mp3
skip /home/pinj/Music/(Don't Fear) The Reaper.mp3
skip /home/pinj/Music/21st Century Schizoid Man - Including "Mirrors".mp3
skip /home/pinj/Music/22MMM.mp3
skip /home/pinj/Music/24.000 Baci.mp3
skip /home/pinj/Music/631 MAKES ME.mp3
skip /home/pinj/Music/7th Or St. Tammany.mp3
skip /home/pinj/Music/9K.mp3
skip /home/pinj/Music/A Hard Rain's A-Gonna Fall.mp3
skip /home/pinj/Music/A House In Nebraska.mp3
skip /home/pinj/Music/Acka Raga.mp3
skip /home/pinj/Music/Across The Universe - Remastered 2009.mp3
skip /home/pinj/Music/Ain't That Just the Way.mp3
skip /home/pinj/Music/All Is Loneliness.mp3
skip /home/pinj/Music/amor fati.mp3
skip /home/pinj/Music/Another Brick In The Wall, Pt. 2 - 2011 Remastered Version.mp3
skip /home/pinj/Music/august.mp3
skip /home/pinj/Music/B.E.D..mp3
skip /home/pinj/Music/Baby (Lil Baby feat. DaBaby).mp3
skip /home/pinj/Music/Baby Come Back.mp3
skip /home/pinj/Music/Ball and Chain.mp3
skip /home/pinj/Music/Ballad of a Thin Man.mp3
skip /home/pinj/Music/Bananas & Cash.mp3
skip /home/pinj/Music/BAND4BAND (feat. Lil Baby).mp3
skip /home/pinj/Music/Bang Bang (My Baby Shot Me Down).mp3
skip /home/pinj/Music/Best Friend.mp3
skip /home/pinj/Music/betty.mp3
skip /home/pinj/Music/Between the Sheets.mp3
skip /home/pinj/Music/Black Hole Sun.mp3
skip /home/pinj/Music/Blackberry Molasses.mp3
skip /home/pinj/Music/Blade Runner Blues.mp3
skip /home/pinj/Music/Blue Jeans - Remastered 2011.mp3
skip /home/pinj/Music/Blue Sands.mp3
skip /home/pinj/Music/Born To Die.mp3
skip /home/pinj/Music/Break from Toronto.mp3
skip /home/pinj/Music/Breakfast At Tiffany's.mp3
skip /home/pinj/Music/Breathe (In The Air) - 2011 Remastered Version.mp3
skip /home/pinj/Music/Brujeria.mp3
skip /home/pinj/Music/Bumpy's Lament.mp3
skip /home/pinj/Music/Buzzcut Season.mp3
skip /home/pinj/Music/California Love - Original Version.mp3
skip /home/pinj/Music/Call It What You Want.mp3
skip /home/pinj/Music/Call Out My Name.mp3
skip /home/pinj/Music/CALLDROPS (feat. Kodak Black).mp3
skip /home/pinj/Music/Can't Tell Me Nothing.mp3
skip /home/pinj/Music/cardigan.mp3
skip /home/pinj/Music/Castles Made of Sand.mp3
skip /home/pinj/Music/Champagne Supernova.mp3
skip /home/pinj/Music/Changes.mp3
skip /home/pinj/Music/Chemtrails Over The Country Club.mp3
skip /home/pinj/Music/Cinnamon Girl.mp3
skip /home/pinj/Music/Cleopatra.mp3
skip /home/pinj/Music/Collussion - NeuroBeatz Remix.mp3
skip /home/pinj/Music/Come and Get Your Love - Single Version.mp3
skip /home/pinj/Music/Come into the Water.mp3
skip /home/pinj/Music/Comfortably Numb - 2011 Remastered Version.mp3
skip /home/pinj/Music/Como.mp3
skip /home/pinj/Music/Crash of Worlds.mp3
skip /home/pinj/Music/Crazy Train.mp3
skip /home/pinj/Music/Creep - Acoustic.mp3
skip /home/pinj/Music/Daddy's Home.mp3
skip /home/pinj/Music/Dangerous MC's (feat. Mark Curry, Snoop Dogg & Busta Rhymes) - 2005 Remaster.mp3
skip /home/pinj/Music/Dann mit der Pumpgun 2.0.mp3
skip /home/pinj/Music/DARE (feat. Shaun Ryder & Roses Gabor).mp3
skip /home/pinj/Music/Dark Star - Single Version.mp3
skip /home/pinj/Music/Dat $tick.mp3
skip /home/pinj/Music/Demon.mp3
skip /home/pinj/Music/Devil on My Shoulder.mp3
skip /home/pinj/Music/Did you know that there's a tunnel under Ocean Blvd.mp3
skip /home/pinj/Music/Digits.mp3
skip /home/pinj/Music/Dirty Diana - 2012 Remaster.mp3
skip /home/pinj/Music/Dreams - 2004 Remaster.mp3
skip /home/pinj/Music/Drink Before the War.mp3
skip /home/pinj/Music/Drugs N Hella Melodies (feat. Kali Uchis).mp3
skip /home/pinj/Music/Dying Is a Beautiful Thing to Do.mp3
skip /home/pinj/Music/Entaprizin.mp3
skip /home/pinj/Music/Everything Has Changed (feat. Ed Sheeran) (Taylor’s Version).mp3
skip /home/pinj/Music/Everywhere - 2017 Remaster.mp3
skip /home/pinj/Music/Exchange.mp3
skip /home/pinj/Music/Fade Into You.mp3
skip /home/pinj/Music/Fallen - Electric.mp3
skip /home/pinj/Music/FALLEN Part 2.mp3
skip /home/pinj/Music/Far Away (feat. A$AP Rocky).mp3
skip /home/pinj/Music/Faro de Luz.mp3
skip /home/pinj/Music/FEAR..mp3
skip /home/pinj/Music/Feels Like We Only Go Backwards.mp3
skip /home/pinj/Music/Fiamme Alte.mp3
skip /home/pinj/Music/For the First Time.mp3
skip /home/pinj/Music/For What It's Worth.mp3
skip /home/pinj/Music/Friend of the Devil.mp3
skip /home/pinj/Music/Fuckthepopulation.mp3
skip /home/pinj/Music/Funeral.mp3
skip /home/pinj/Music/Geheim.mp3
skip /home/pinj/Music/Girl With The Tattoo Enter.lewd.mp3
skip /home/pinj/Music/Good Looking.mp3
skip /home/pinj/Music/Good Luck, Babe!.mp3
skip /home/pinj/Music/Goodbye.mp3
skip /home/pinj/Music/Groove Constructor.mp3
skip /home/pinj/Music/Gunz N Butter (feat. Juicy J).mp3
skip /home/pinj/Music/Happiness is a butterfly.mp3
skip /home/pinj/Music/Heart Full of Soul.mp3
skip /home/pinj/Music/Hell Of A Night.mp3
skip /home/pinj/Music/Hell On Earth.mp3
skip /home/pinj/Music/Here Comes The Sun - Remastered 2009.mp3
skip /home/pinj/Music/Heroin.mp3
skip /home/pinj/Music/Hooked On A Feeling.mp3
skip /home/pinj/Music/hope is a dangerous thing for a woman like me to have - but I have it.mp3
skip /home/pinj/Music/How to disappear.mp3
skip /home/pinj/Music/I Don't Wanna Do This Anymore.mp3
skip /home/pinj/Music/I Had Too Much to Dream (Last Night).mp3
skip /home/pinj/Music/I Know The End.mp3
skip /home/pinj/Music/I Know.mp3
skip /home/pinj/Music/I Wanna Be Your Dog - 2019 Remaster.mp3
skip /home/pinj/Music/I Will Always Think of You.mp3
skip /home/pinj/Music/I'd Love to Change the World - 2004 Remaster.mp3
skip /home/pinj/Music/I'm On Fire.mp3
skip /home/pinj/Music/I'm Only Sleeping - Remastered 2009.mp3
skip /home/pinj/Music/I'm Supposed To Die Tonight.mp3
skip /home/pinj/Music/Icon.mp3
skip /home/pinj/Music/Icon? - Electric.mp3
skip /home/pinj/Music/If I Ever Fall In Love.mp3
skip /home/pinj/Music/In My Room.mp3
skip /home/pinj/Music/In the Mood.mp3
skip /home/pinj/Music/Indecision.mp3
skip /home/pinj/Music/Insane in the Brain.mp3
skip /home/pinj/Music/Interlude.mp3
skip /home/pinj/Music/invisible string.mp3
skip /home/pinj/Music/It's A Man's, Man's, Man's World.mp3
skip /home/pinj/Music/It's Funky Enough - Remastered Single.mp3
skip /home/pinj/Music/ivy.mp3
skip /home/pinj/Music/Jocelyn Flores.mp3
skip /home/pinj/Music/Kids Turned Out Fine.mp3
skip /home/pinj/Music/King Of My Heart.mp3
skip /home/pinj/Music/L to the OG (feat. Kendall Roy).mp3
skip /home/pinj/Music/L'Estate (Summer) Op. 8 No. 2 in G minor: I. Allegro non molto.mp3
skip /home/pinj/Music/La Villa Strangiato.mp3
skip /home/pinj/Music/Last Words of a Shooting Star.mp3
skip /home/pinj/Music/Little Wing.mp3
skip /home/pinj/Music/Look At Me!.mp3
skip /home/pinj/Music/Lost in the Fire.mp3
skip /home/pinj/Music/Love Buzz.mp3
skip /home/pinj/Music/Love Grows (Where My Rosemary Goes).mp3
skip /home/pinj/Music/Love song.mp3
skip /home/pinj/Music/Love Story - 2024 Remastered Version.mp3
skip /home/pinj/Music/Love Thy Enemies.mp3
skip /home/pinj/Music/Lover.mp3
skip /home/pinj/Music/Lovers Rock.mp3
skip /home/pinj/Music/Low Down.mp3
skip /home/pinj/Music/Lucy In The Sky With Diamonds - Remastered 2009.mp3
skip /home/pinj/Music/Mahogany.mp3
skip /home/pinj/Music/Man in the Mirror - 2012 Remaster.mp3
skip /home/pinj/Music/Mariners Apartment Complex.mp3
skip /home/pinj/Music/MASSA.mp3
skip /home/pinj/Music/Mastermind.mp3
skip /home/pinj/Music/Matilda.mp3
skip /home/pinj/Music/Miami.mp3
skip /home/pinj/Music/Mind Blowin'.mp3
skip /home/pinj/Music/Mind Flowers.mp3
skip /home/pinj/Music/mirrorball.mp3
skip /home/pinj/Music/Mona Lisa (feat. Kendrick Lamar).mp3
skip /home/pinj/Music/Mood Ring.mp3
skip /home/pinj/Music/Ms. Jackson.mp3
skip /home/pinj/Music/Muse.mp3
skip /home/pinj/Music/Neptun.mp3
skip /home/pinj/Music/New Americana.mp3
skip /home/pinj/Music/Nights.mp3
skip /home/pinj/Music/No Surprises.mp3
skip /home/pinj/Music/Nobody Loves You (When You're Down And Out) - Remastered 2010.mp3
skip /home/pinj/Music/Not Allowed.mp3
skip /home/pinj/Music/Not to Touch the Earth.mp3
skip /home/pinj/Music/Nothing New (feat. Phoebe Bridgers) (Taylor’s Version) (From The Vault).mp3
skip /home/pinj/Music/Nothing's Gonna Hurt You Baby.mp3
skip /home/pinj/Music/Novacane.mp3
skip /home/pinj/Music/November Has Come.mp3
skip /home/pinj/Music/Nowhere (Future).mp3
skip /home/pinj/Music/O Children.mp3
skip /home/pinj/Music/Oceanic Feeling.mp3
skip /home/pinj/Music/Ol' English.mp3
skip /home/pinj/Music/One Minute (feat. Kanye West & Travis Barker).mp3
skip /home/pinj/Music/Only 1 (Interlude) (with Travis Scott).mp3
skip /home/pinj/Music/Overnight Celebrity (feat. Miri Ben-Ari).mp3
skip /home/pinj/Music/Paint It, Black.mp3
skip /home/pinj/Music/Paper Bag.mp3
skip /home/pinj/Music/Paper Planes.mp3
skip /home/pinj/Music/Paradise City.mp3
skip /home/pinj/Music/People Are Strange.mp3
skip /home/pinj/Music/People Everyday - Metamorphosis Mix.mp3
skip /home/pinj/Music/Photograph.mp3
skip /home/pinj/Music/PILLOWTALK - the living room session.mp3
skip /home/pinj/Music/Porpoise Song.mp3
skip /home/pinj/Music/Protect Ya Neck - Shao Lin Version.mp3
skip /home/pinj/Music/Purple Haze.mp3
skip /home/pinj/Music/Purple Rain.mp3
skip /home/pinj/Music/Redbone.mp3
skip /home/pinj/Music/Remember the Time.mp3
skip /home/pinj/Music/Return of the Mack.mp3
skip /home/pinj/Music/Ribs.mp3
skip /home/pinj/Music/Rigid - Kobosil 44 Rush Mix.mp3
skip /home/pinj/Music/Rock With You.mp3
skip /home/pinj/Music/Rocket Man (I Think It's Going To Be A Long, Long Time).mp3
skip /home/pinj/Music/Rotlichtsonate.mp3
skip /home/pinj/Music/Salvatore.mp3
skip /home/pinj/Music/Save That Shit.mp3
skip /home/pinj/Music/Savior Complex.mp3
skip /home/pinj/Music/Secrets from a Girl (Who's Seen it All).mp3
skip /home/pinj/Music/September.mp3
skip /home/pinj/Music/Shook Ones, Pt. II.mp3
skip /home/pinj/Music/Shoop.mp3
skip /home/pinj/Music/Shut up My Moms Calling.mp3
skip /home/pinj/Music/Si E' Spento Il Sole.mp3
skip /home/pinj/Music/Sidewalks.mp3
skip /home/pinj/Music/Sitting On Top Of The World.mp3
skip /home/pinj/Music/Sky.mp3
skip /home/pinj/Music/Sleep Walk.mp3
skip /home/pinj/Music/SLOW DANCING IN THE DARK.mp3
skip /home/pinj/Music/Smells Like Teen Spirit.mp3
skip /home/pinj/Music/Snow On The Beach (feat. Lana Del Rey).mp3
skip /home/pinj/Music/So High.mp3
skip /home/pinj/Music/Solar Power.mp3
skip /home/pinj/Music/Somebody to Love.mp3
skip /home/pinj/Music/Sometimes I Feel Like a Motherless Child.mp3
skip /home/pinj/Music/Space Oddity - 2019 Mix.mp3
skip /home/pinj/Music/Spanish Caravan.mp3
skip /home/pinj/Music/Stay Fly.mp3
skip /home/pinj/Music/Stoned at the Nail Salon.mp3
skip /home/pinj/Music/Strangers.mp3
skip /home/pinj/Music/Strawberry Fields Forever - Remastered 2009.mp3
skip /home/pinj/Music/Stuck Inside of Mobile with the Memphis Blues Again.mp3
skip /home/pinj/Music/Succession (Main Title Theme).mp3
skip /home/pinj/Music/Sugar On My Tongue.mp3
skip /home/pinj/Music/Suicidal Thoughts in the Back of the Cadillac Pt. 2.mp3
skip /home/pinj/Music/Sullen Girl.mp3
skip /home/pinj/Music/Summertime Sadness.mp3
skip /home/pinj/Music/Summertime.mp3
skip /home/pinj/Music/Sun King - 2019 Mix.mp3
skip /home/pinj/Music/Sundress.mp3
skip /home/pinj/Music/Suzanne.mp3
skip /home/pinj/Music/Sweet Dreams, TN.mp3
skip /home/pinj/Music/Swimming Pools.mp3
skip /home/pinj/Music/T.O.N.Y. (Top Of New York).mp3
skip /home/pinj/Music/Tchaikovsky: Swan Lake, Op. 20, Act 2: No. 10, Scene. Moderato.mp3
skip /home/pinj/Music/Te Deseo Amor.mp3
skip /home/pinj/Music/Tequila Sunrise.mp3
skip /home/pinj/Music/That's The Way It Is.mp3
skip /home/pinj/Music/The Black Angel's Death Song.mp3
skip /home/pinj/Music/The Chain - 2004 Remaster.mp3
skip /home/pinj/Music/The Court Of The Crimson King - Including "The Return of the Fire Witch" and "The Dance of the Puppets".mp3
skip /home/pinj/Music/The End.mp3
skip /home/pinj/Music/The Four Horsemen.mp3
skip /home/pinj/Music/The Four Seasons, Violin Concerto in G Minor, Op. 8 No. 2 RV 315 "L'estate" ("Summer"): III. Presto Tempo impetuoso D'Estate.mp3
skip /home/pinj/Music/The Four Seasons: Concerto No. 4 in F Minor, RV 297 "L'inverno" (winter): I. Allegro non molto.mp3
skip /home/pinj/Music/the last great american dynasty.mp3
skip /home/pinj/Music/The Last Time.mp3
skip /home/pinj/Music/The Louvre.mp3
skip /home/pinj/Music/The Man with the Axe.mp3
skip /home/pinj/Music/The Path.mp3
skip /home/pinj/Music/The Phantom of the Opera: Overture.mp3
skip /home/pinj/Music/The Soft Parade.mp3
skip /home/pinj/Music/The Town.mp3
skip /home/pinj/Music/The Way You Make Me Feel.mp3
skip /home/pinj/Music/Then Came the Last Days of May.mp3
skip /home/pinj/Music/Time - 2011 Remastered Version.mp3
skip /home/pinj/Music/Time in a Bottle.mp3
skip /home/pinj/Music/To Live And Die In L.A..mp3
skip /home/pinj/Music/Tomorrow Never Knows - Remastered 2009.mp3
skip /home/pinj/Music/Too Many Nights (feat. Don Toliver & with Future).mp3
skip /home/pinj/Music/Torn Apart.mp3
skip /home/pinj/Music/Touch The Sky.mp3
skip /home/pinj/Music/Trouble Every Day.mp3
skip /home/pinj/Music/True Playas.mp3
skip /home/pinj/Music/Tulsa Jesus Freak.mp3
skip /home/pinj/Music/Tut den Song in eure Playlist und macht viele TikToks.mp3
skip /home/pinj/Music/Tutamıyorum Zamanı.mp3
skip /home/pinj/Music/Two Slow Dancers.mp3
skip /home/pinj/Music/Uncut, Pure.mp3
skip /home/pinj/Music/Uno.mp3
skip /home/pinj/Music/Unshaken.mp3
skip /home/pinj/Music/Used 2.mp3
skip /home/pinj/Music/V.I.P.I.M.P..mp3
skip /home/pinj/Music/Venice Bitch.mp3
skip /home/pinj/Music/Venus In Furs.mp3
skip /home/pinj/Music/Video Games.mp3
skip /home/pinj/Music/Vienna.mp3
skip /home/pinj/Music/Voices for Sadness Theme.mp3
skip /home/pinj/Music/Volare (Nel Blu Di Pinto Di Blu) - Remastered 1998.mp3
skip /home/pinj/Music/Voodoo Child (Slight Return).mp3
skip /home/pinj/Music/Voodoo Chile.mp3
skip /home/pinj/Music/Waiting for the Sun.mp3
skip /home/pinj/Music/Walk On the Wild Side.mp3
skip /home/pinj/Music/Wanderlust.mp3
skip /home/pinj/Music/Wednesday Night Interlude.mp3
skip /home/pinj/Music/Welcome To The Jungle.mp3
skip /home/pinj/Music/What Have You Done To Its Eyes.mp3
skip /home/pinj/Music/When the Music's Over.mp3
skip /home/pinj/Music/White Rabbit.mp3
skip /home/pinj/Music/White Teeth Teens.mp3
skip /home/pinj/Music/Who Dat Boy (feat. A$AP Rocky).mp3
skip /home/pinj/Music/Wildflowers.mp3
skip /home/pinj/Music/willow.mp3
skip /home/pinj/Music/Window Shopper.mp3
skip /home/pinj/Music/wonderful.mp3
skip /home/pinj/Music/Worldwide Choppers.mp3
skip /home/pinj/Music/XanaX Damage.mp3
skip /home/pinj/Music/Yellow Flicker Beat.mp3
skip /home/pinj/Music/You Want It Darker.mp3
skip /home/pinj/Music/You're On Your Own, Kid.mp3
skip /home/pinj/Music/YouTube Rapper (Bonus Track).mp3
skip /home/pinj/Music/ザ・ワード II.mp3
skip /home/pinj/Music/Pink Floyd - The Dark Side Of The Moon (50th Anniversary) (2023 Remaster)/01 - Any Colour You Like.flac
skip /home/pinj/Music/Pink Floyd - The Dark Side Of The Moon (50th Anniversary) (2023 Remaster)/02 - Brain Damage.flac
skip /home/pinj/Music/Pink Floyd - The Dark Side Of The Moon (50th Anniversary) (2023 Remaster)/03 - Breathe.flac
skip /home/pinj/Music/Pink Floyd - The Dark Side Of The Moon (50th Anniversary) (2023 Remaster)/04 - Eclipse.flac
skip /home/pinj/Music/Pink Floyd - The Dark Side Of The Moon (50th Anniversary) (2023 Remaster)/05 - Money.flac
skip /home/pinj/Music/Pink Floyd - The Dark Side Of The Moon (50th Anniversary) (2023 Remaster)/06 - On the Run.flac
skip /home/pinj/Music/Pink Floyd - The Dark Side Of The Moon (50th Anniversary) (2023 Remaster)/07 - Speak to Me.flac
skip /home/pinj/Music/Pink Floyd - The Dark Side Of The Moon (50th Anniversary) (2023 Remaster)/08 - The Great Gig in the Sky.flac
skip /home/pinj/Music/Pink Floyd - The Dark Side Of The Moon (50th Anniversary) (2023 Remaster)/09 - Time.flac
skip /home/pinj/Music/Pink Floyd - The Dark Side Of The Moon (50th Anniversary) (2023 Remaster)/10 - Us and Them.flac
import started Sun Jan 25 12:12:53 2026
import started Sun Jan 25 12:13:15 2026
asis /home/pinj/Music/ Curious.mp3
asis /home/pinj/Music/(Don't Fear) The Reaper.mp3
asis /home/pinj/Music/21st Century Schizoid Man - Including "Mirrors".mp3
import started Sun Jan 25 12:13:56 2026
import started Sun Jan 25 12:16:50 2026
import started Sun Jan 25 12:17:58 2026
asis /home/pinj/Music/amor fati.mp3
