import started Sun Jan 25 12:30:05 2026
skip /home/pinj/Music/01 - Any Colour You Like.flac
skip /home/pinj/Music/02 - Brain Damage.flac
skip /home/pinj/Music/03 - Breathe.flac
skip /home/pinj/Music/04 - Eclipse.flac
skip /home/pinj/Music/05 - Money.flac
skip /home/pinj/Music/06 - On the Run.flac
skip /home/pinj/Music/07 - Speak to Me.flac
skip /home/pinj/Music/08 - The Great Gig in the Sky.flac
skip /home/pinj/Music/09 - Time.flac
skip /home/pinj/Music/10 - Us and Them.flac
skip /home/pinj/Music/MASSA.mp3
skip /home/pinj/Music/Mastermind.mp3
skip /home/pinj/Music/Matilda.mp3
skip /home/pinj/Music/Miami.mp3
skip /home/pinj/Music/Mind Blowin'.mp3
skip /home/pinj/Music/Mind Flowers.mp3
skip /home/pinj/Music/mirrorball.mp3
skip /home/pinj/Music/Mona Lisa (feat. Kendrick Lamar).mp3
skip /home/pinj/Music/Mood Ring.mp3
import started Sun Jan 25 12:31:36 2026
skip /home/pinj/Music/Ms. Jackson.mp3
skip /home/pinj/Music/Muse.mp3
skip /home/pinj/Music/Nights.mp3
skip /home/pinj/Music/Nobody Loves You (When You're Down And Out) - Remastered 2010.mp3
skip /home/pinj/Music/Not Allowed.mp3
skip /home/pinj/Music/Nothing New (feat. Phoebe Bridgers) (Taylor’s Version) (From The Vault).mp3
skip /home/pinj/Music/Nothing's Gonna Hurt You Baby.mp3
skip /home/pinj/Music/Novacane.mp3
skip /home/pinj/Music/November Has Come.mp3
skip /home/pinj/Music/Nowhere (Future).mp3
skip /home/pinj/Music/O Children.mp3
skip /home/pinj/Music/Oceanic Feeling.mp3
skip /home/pinj/Music/Ol' English.mp3
skip /home/pinj/Music/One Minute (feat. Kanye West & Travis Barker).mp3
skip /home/pinj/Music/Only 1 (Interlude) (with Travis Scott).mp3
skip /home/pinj/Music/Overnight Celebrity (feat. Miri Ben-Ari).mp3
skip /home/pinj/Music/Paper Bag.mp3
skip /home/pinj/Music/Paper Planes.mp3
skip /home/pinj/Music/Photograph.mp3
skip /home/pinj/Music/PILLOWTALK - the living room session.mp3
skip /home/pinj/Music/Porpoise Song.mp3
skip /home/pinj/Music/Purple Haze.mp3
skip /home/pinj/Music/Purple Rain.mp3
skip /home/pinj/Music/Redbone.mp3
skip /home/pinj/Music/Return of the Mack.mp3
skip /home/pinj/Music/Ribs.mp3
skip /home/pinj/Music/Rigid - Kobosil 44 Rush Mix.mp3
skip /home/pinj/Music/Rock With You.mp3
skip /home/pinj/Music/Rotlichtsonate.mp3
skip /home/pinj/Music/Salvatore.mp3
skip /home/pinj/Music/Save That Shit.mp3
skip /home/pinj/Music/Savior Complex.mp3
skip /home/pinj/Music/Secrets from a Girl (Who's Seen it All).mp3
skip /home/pinj/Music/Shook Ones, Pt. II.mp3
skip /home/pinj/Music/Shoop.mp3
skip /home/pinj/Music/Shut up My Moms Calling.mp3
skip /home/pinj/Music/Sidewalks.mp3
skip /home/pinj/Music/Sitting On Top Of The World.mp3
skip /home/pinj/Music/Sky.mp3
skip /home/pinj/Music/Sleep Walk.mp3
skip /home/pinj/Music/SLOW DANCING IN THE DARK.mp3
skip /home/pinj/Music/Smells Like Teen Spirit.mp3
skip /home/pinj/Music/Snow On The Beach (feat. Lana Del Rey).mp3
skip /home/pinj/Music/So High.mp3
skip /home/pinj/Music/Solar Power.mp3
skip /home/pinj/Music/Somebody to Love.mp3
skip /home/pinj/Music/Sometimes I Feel Like a Motherless Child.mp3
skip /home/pinj/Music/Space Oddity - 2019 Mix.mp3
skip /home/pinj/Music/Spanish Caravan.mp3
skip /home/pinj/Music/Stay Fly.mp3
skip /home/pinj/Music/Stoned at the Nail Salon.mp3
skip /home/pinj/Music/Strangers.mp3
skip /home/pinj/Music/Strawberry Fields Forever - Remastered 2009.mp3
skip /home/pinj/Music/Stuck Inside of Mobile with the Memphis Blues Again.mp3
skip /home/pinj/Music/Sugar On My Tongue.mp3
skip /home/pinj/Music/Suicidal Thoughts in the Back of the Cadillac Pt. 2.mp3
skip /home/pinj/Music/Sullen Girl.mp3
skip /home/pinj/Music/Summertime.mp3
skip /home/pinj/Music/Sun King - 2019 Mix.mp3
skip /home/pinj/Music/Sundress.mp3
skip /home/pinj/Music/Suzanne.mp3
skip /home/pinj/Music/Sweet Dreams, TN.mp3
skip /home/pinj/Music/Swimming Pools.mp3
skip /home/pinj/Music/T.O.N.Y. (Top Of New York).mp3
skip /home/pinj/Music/Tchaikovsky: Swan Lake, Op. 20, Act 2: No. 10, Scene. Moderato.mp3
skip /home/pinj/Music/Te Deseo Amor.mp3
skip /home/pinj/Music/Tequila Sunrise.mp3
skip /home/pinj/Music/That's The Way It Is.mp3
skip /home/pinj/Music/The Black Angel's Death Song.mp3
skip /home/pinj/Music/The Chain - 2004 Remaster.mp3
skip /home/pinj/Music/The Court Of The Crimson King - Including "The Return of the Fire Witch" and "The Dance of the Puppets".mp3
skip /home/pinj/Music/The End.mp3
skip /home/pinj/Music/The Four Horsemen.mp3
skip /home/pinj/Music/The Four Seasons, Violin Concerto in G Minor, Op. 8 No. 2 RV 315 "L'estate" ("Summer"): III. Presto Tempo impetuoso D'Estate.mp3
skip /home/pinj/Music/The Four Seasons: Concerto No. 4 in F Minor, RV 297 "L'inverno" (winter): I. Allegro non molto.mp3
skip /home/pinj/Music/The Last Time.mp3
skip /home/pinj/Music/The Louvre.mp3
skip /home/pinj/Music/The Man with the Axe.mp3
skip /home/pinj/Music/The Path.mp3
skip /home/pinj/Music/The Phantom of the Opera: Overture.mp3
skip /home/pinj/Music/The Town.mp3
skip /home/pinj/Music/The Way You Make Me Feel.mp3
skip /home/pinj/Music/Then Came the Last Days of May.mp3
skip /home/pinj/Music/Tomorrow Never Knows - Remastered 2009.mp3
skip /home/pinj/Music/Too Many Nights (feat. Don Toliver & with Future).mp3
skip /home/pinj/Music/Torn Apart.mp3
skip /home/pinj/Music/Touch The Sky.mp3
skip /home/pinj/Music/Trouble Every Day.mp3
skip /home/pinj/Music/True Playas.mp3
skip /home/pinj/Music/Tulsa Jesus Freak.mp3
skip /home/pinj/Music/Tut den Song in eure Playlist und macht viele TikToks.mp3
skip /home/pinj/Music/Tutamıyorum Zamanı.mp3
skip /home/pinj/Music/Two Slow Dancers.mp3
skip /home/pinj/Music/Uncut, Pure.mp3
skip /home/pinj/Music/Uno.mp3
skip /home/pinj/Music/Unshaken.mp3
skip /home/pinj/Music/Used 2.mp3
skip /home/pinj/Music/V.I.P.I.M.P..mp3
skip /home/pinj/Music/Venice Bitch.mp3
skip /home/pinj/Music/Venus In Furs.mp3
skip /home/pinj/Music/Video Games.mp3
skip /home/pinj/Music/Vienna.mp3
skip /home/pinj/Music/Voices for Sadness Theme.mp3
skip /home/pinj/Music/Volare (Nel Blu Di Pinto Di Blu) - Remastered 1998.mp3
skip /home/pinj/Music/Voodoo Child (Slight Return).mp3
skip /home/pinj/Music/Voodoo Chile.mp3
skip /home/pinj/Music/Waiting for the Sun.mp3
skip /home/pinj/Music/Walk On the Wild Side.mp3
skip /home/pinj/Music/Wanderlust.mp3
skip /home/pinj/Music/Wednesday Night Interlude.mp3
skip /home/pinj/Music/Welcome To The Jungle.mp3
skip /home/pinj/Music/What Have You Done To Its Eyes.mp3
skip /home/pinj/Music/When the Music's Over.mp3
skip /home/pinj/Music/White Rabbit.mp3
skip /home/pinj/Music/White Teeth Teens.mp3
skip /home/pinj/Music/Who Dat Boy (feat. A$AP Rocky).mp3
skip /home/pinj/Music/Wildflowers.mp3
skip /home/pinj/Music/willow.mp3
skip /home/pinj/Music/wonderful.mp3
skip /home/pinj/Music/Worldwide Choppers.mp3
skip /home/pinj/Music/XanaX Damage.mp3
skip /home/pinj/Music/Yellow Flicker Beat.mp3
skip /home/pinj/Music/You Want It Darker.mp3
skip /home/pinj/Music/You're On Your Own, Kid.mp3
skip /home/pinj/Music/YouTube Rapper (Bonus Track).mp3
skip /home/pinj/Music/ザ・ワード II.mp3
skip /home/pinj/Music/Sorted/Non-Album/$uicideboy$/7th Or St. Tammany.mp3
skip /home/pinj/Music/Sorted/Non-Album/2Pac, Roger Troutman & Dr. Dre/California Love (original version).mp3
skip /home/pinj/Music/Sorted/Non-Album/50 Cent/Best Friend.mp3
skip /home/pinj/Music/Sorted/Non-Album/50 Cent/I’m Supposed to Die Tonight.mp3
skip /home/pinj/Music/Sorted/Non-Album/A$AP Rocky feat. Kodak Black/CALLDROPS.mp3
skip /home/pinj/Music/Sorted/Non-Album/Big Brother & the Holding Company/All Is Loneliness.mp3
skip /home/pinj/Music/Sorted/Non-Album/Big Brother & the Holding Company/Ball & Chain.mp3
skip /home/pinj/Music/Sorted/Non-Album/Big Daddy Kane/Daddy’s Home.mp3
skip /home/pinj/Music/Sorted/Non-Album/Big Daddy Kane/Entaprizin'.mp3
skip /home/pinj/Music/Sorted/Non-Album/Bob Dylan/A Hard Rain's A-Gonna Fall.mp3
skip /home/pinj/Music/Sorted/Non-Album/Bob Dylan/Ballad Of A Thin Man.mp3
import started Sun Jan 25 20:02:50 2026
skip /home/pinj/Music/$uicideboy$/7th or St. Tammany/01 $uicideboy$ - 7th or St. Tammany.mp3
skip /home/pinj/Music/$uicideboy$/Songsthatwewontgetsuedforbutattheendofthedayweallgonnadieanyway/33 $uicideboy$ - FUCKTHEPOPULATION (1).mp3
skip /home/pinj/Music/$uicideboy$/Songsthatwewontgetsuedforbutattheendofthedayweallgonnadieanyway/33 $uicideboy$ - FUCKTHEPOPULATION (2).mp3
skip /home/pinj/Music/$uicideboy$/Songsthatwewontgetsuedforbutattheendofthedayweallgonnadieanyway/33 $uicideboy$ - FUCKTHEPOPULATION.mp3
import started Sun Jan 25 22:31:16 2026
skip /home/pinj/Music/1931/Hell on Earth
skip /home/pinj/Music/2018 - Testing
skip /home/pinj/Music/2Pac/Greatest Hits
